<?xml version="1.0" encoding="UTF-8"?>
<!-- Generated by org.testng.reporters.JUnitReportReporter -->
<testsuite skipped="0" hostname="LAPTOP-PBGFF7J3" name="com.etsy.Tests.HomePageTest" tests="3" failures="0" timestamp="2020-04-09T23:51:20 EDT" time="36.129" errors="0">
  <testcase name="verifyHomePageTitle" time="10.101" classname="com.etsy.Tests.HomePageTest"/>
  <testcase name="verifySigninOptiononHomePage" time="10.204" classname="com.etsy.Tests.HomePageTest"/>
  <testcase name="verifySearchFunctionality" time="15.824" classname="com.etsy.Tests.HomePageTest"/>
</testsuite> <!-- com.etsy.Tests.HomePageTest -->
