<?xml version="1.0" encoding="UTF-8"?>
<!-- Generated by org.testng.reporters.JUnitReportReporter -->
<testsuite skipped="0" hostname="LAPTOP-PBGFF7J3" name="com.etsy.Tests.SignInTest" tests="3" failures="0" timestamp="2020-04-09T23:51:20 EDT" time="41.533" errors="0">
  <testcase name="verifyRegisterButtonIsPresent" time="12.353" classname="com.etsy.Tests.SignInTest"/>
  <testcase name="verifyForgotPwdLink" time="18.135" classname="com.etsy.Tests.SignInTest"/>
  <testcase name="verifyLoginFunctionality" time="11.045" classname="com.etsy.Tests.SignInTest"/>
</testsuite> <!-- com.etsy.Tests.SignInTest -->
