<?xml version="1.0" encoding="UTF-8"?>
<!-- Generated by org.testng.reporters.JUnitReportReporter -->
<testsuite skipped="0" hostname="LAPTOP-PBGFF7J3" name="com.etsy.Tests.HomeAndLivingTest" tests="4" failures="0" timestamp="2020-04-09T23:51:20 EDT" time="80.464" errors="0">
  <testcase name="verifyHomeNLivingTitle" time="17.668" classname="com.etsy.Tests.HomeAndLivingTest"/>
  <testcase name="verifySigninOptionIsPresent" time="17.786" classname="com.etsy.Tests.HomeAndLivingTest"/>
  <testcase name="verifySortByFunctionality" time="23.965" classname="com.etsy.Tests.HomeAndLivingTest"/>
  <testcase name="verifyHmNLivingUrl" time="21.045" classname="com.etsy.Tests.HomeAndLivingTest"/>
</testsuite> <!-- com.etsy.Tests.HomeAndLivingTest -->
