<?xml version="1.0" encoding="UTF-8"?>
<!-- Generated by org.testng.reporters.JUnitReportReporter -->
<testsuite skipped="0" hostname="LAPTOP-PBGFF7J3" name="com.etsy.Tests.CraftSuppliesTest" tests="4" failures="0" timestamp="2020-04-09T23:51:20 EDT" time="82.272" errors="0">
  <testcase name="verifyShowMoreOption" time="18.552" classname="com.etsy.Tests.CraftSuppliesTest"/>
  <testcase name="verifyCheckBox" time="24.702" classname="com.etsy.Tests.CraftSuppliesTest"/>
  <testcase name="verifyRadioButton" time="21.686" classname="com.etsy.Tests.CraftSuppliesTest"/>
  <testcase name="verifyLocation" time="17.332" classname="com.etsy.Tests.CraftSuppliesTest"/>
</testsuite> <!-- com.etsy.Tests.CraftSuppliesTest -->
